<?xml version="1.0" encoding="UTF-8"?>
<testsuite name="com.lin.test.TranscodeUtilTest" tests="2" skipped="2" failures="0" errors="0" timestamp="2018-02-11T12:33:44" hostname="LIN" time="0.003">
  <properties/>
  <testcase name="test_decode" classname="com.lin.test.TranscodeUtilTest" time="0.001">
    <skipped/>
  </testcase>
  <testcase name="test" classname="com.lin.test.TranscodeUtilTest" time="0.001">
    <skipped/>
  </testcase>
  <system-out><![CDATA[]]></system-out>
  <system-err><![CDATA[]]></system-err>
</testsuite>
